2021-10-04 20:41:55.324  INFO 4224 --- [main] lavalink.server.Launcher                 : 

[32m       .  [31m _                  _ _       _    [32m__ _ _
[32m      /\\ [31m| | __ ___   ____ _| (_)_ __ | | __[32m\ \ \ \
[32m     ( ( )[31m| |/ _` \ \ / / _` | | | '_ \| |/ /[32m \ \ \ \
[32m      \\/ [31m| | (_| |\ V / (_| | | | | | |   < [32m  ) ) ) )
[32m       '  [31m|_|\__,_| \_/ \__,_|_|_|_| |_|_|\_\[32m / / / /
[0m    =========================================[32m/_/_/_/[0m

	Version:        3.3.2.5
	Build:          1222
	Build time:     11.04.2021 08:07:27 UTC
	Branch          master
	Commit:         7b914f2
	Commit time:    09.04.2021 17:14:27 UTC
	JVM:            17
	Lavaplayer      1.3.76

2021-10-04 20:41:55.513  WARN 4224 --- [background-preinit] o.s.h.c.j.Jackson2ObjectMapperBuilder    : For Jackson Kotlin classes support please add "com.fasterxml.jackson.module:jackson-module-kotlin" to the classpath
2021-10-04 20:41:55.517  INFO 4224 --- [main] lavalink.server.Launcher                 : Starting Launcher on DESKTOP-6EGCRLJ with PID 4224 (C:\Users\Felipe\OneDrive\Área de Trabalho\BotDiscord\BotDiscord\BotDiscord\Lavalink\Lavalink.jar started by Felipe in C:\Users\Felipe\OneDrive\Área de Trabalho\BotDiscord\BotDiscord\BotDiscord\Lavalink)
2021-10-04 20:41:55.520  INFO 4224 --- [main] lavalink.server.Launcher                 : No active profile set, falling back to default profiles: default
2021-10-04 20:41:57.764  WARN 4224 --- [main] io.undertow.websockets.jsr               : UT026010: Buffer pool was not set on WebSocketDeploymentInfo, the default pool will be used
2021-10-04 20:41:57.808  INFO 4224 --- [main] io.undertow.servlet                      : Initializing Spring embedded WebApplicationContext
2021-10-04 20:41:57.808  INFO 4224 --- [main] o.s.web.context.ContextLoader            : Root WebApplicationContext: initialization completed in 2200 ms
2021-10-04 20:41:58.806  WARN 4224 --- [main] l.server.config.SentryConfiguration      : Turning off sentry
2021-10-04 20:41:59.360  INFO 4224 --- [main] c.s.d.l.tools.GarbageCollectionMonitor   : GC monitoring enabled, reporting results every 2 minutes.
2021-10-04 20:41:59.829  INFO 4224 --- [main] lavalink.server.config.KoeConfiguration  : OS: Windows 10, Arch: amd64
2021-10-04 20:41:59.830  WARN 4224 --- [main] lavalink.server.config.KoeConfiguration  : This system and architecture appears to not support native audio sending! GC pauses may cause your bot to stutter during playback.
2021-10-04 20:42:00.299  INFO 4224 --- [main] o.s.s.concurrent.ThreadPoolTaskExecutor  : Initializing ExecutorService 'applicationTaskExecutor'
2021-10-04 20:42:00.774  INFO 4224 --- [main] org.xnio                                 : XNIO version 3.3.8.Final
2021-10-04 20:42:00.791  INFO 4224 --- [main] org.xnio.nio                             : XNIO NIO Implementation Version 3.3.8.Final
2021-10-04 20:42:00.876  INFO 4224 --- [main] o.s.b.w.e.u.UndertowServletWebServer     : Undertow started on port(s) 2333 (http) with context path ''
2021-10-04 20:42:00.882  INFO 4224 --- [main] lavalink.server.Launcher                 : Started Launcher in 6.557 seconds (JVM running for 8.055)
2021-10-04 20:42:00.884  INFO 4224 --- [main] lavalink.server.Launcher                 : You can safely ignore the big red warning about illegal reflection. See https://github.com/Frederikam/Lavalink/issues/295
2021-10-04 20:42:43.806  INFO 4224 --- [XNIO-1 task-1] io.undertow.servlet                      : Initializing Spring DispatcherServlet 'dispatcherServlet'
2021-10-04 20:42:43.810  INFO 4224 --- [XNIO-1 task-1] o.s.web.servlet.DispatcherServlet        : Initializing Servlet 'dispatcherServlet'
2021-10-04 20:42:43.826  INFO 4224 --- [XNIO-1 task-1] o.s.web.servlet.DispatcherServlet        : Completed initialization in 14 ms
2021-10-04 20:42:43.870  INFO 4224 --- [XNIO-1 task-1] l.server.io.HandshakeInterceptorImpl     : Incoming connection from /127.0.0.1:62483
2021-10-04 20:42:43.985  INFO 4224 --- [XNIO-1 task-1] lavalink.server.io.SocketServer          : Connection successfully established from /127.0.0.1:62483
2021-10-04 20:42:45.926  INFO 4224 --- [XNIO-1 task-2] l.server.player.AudioLoaderRestHandler   : Got request to load for identifier "ytsearch:https://www.youtube.com/watch?v=LBr7kECsjcQ"
2021-10-04 20:42:46.588  INFO 4224 --- [XNIO-1 I/O-3] lavalink.server.io.SocketServer          : {"guildId":"184785650598412288","sessionId":"b9b84b3e870c071f6c7b81f8e97f3d16","event":{"token":"64607aaa633717c2","endpoint":"brazil2767.discord.media:443"},"op":"voiceUpdate"}
2021-10-04 20:42:47.945  INFO 4224 --- [lava-daemon-pool-info-loader-2-thread-1] lavalink.server.player.AudioLoader       : Loaded playlist Search results for: https://www.youtube.com/watch?v=LBr7kECsjcQ
2021-10-04 20:42:48.006  INFO 4224 --- [XNIO-1 I/O-3] lavalink.server.io.SocketServer          : {"endTime":272000,"track":"QAAAlQIAL0ZhbGwgT3V0IEJveSAtIENlbnR1cmllcyAoT2ZmaWNpYWwgTXVzaWMgVmlkZW8pAAxGYWxsIE91dCBCb3kAAAAAAAQmgAALTEJyN2tFQ3NqY1EAAQAraHR0cHM6Ly93d3cueW91dHViZS5jb20vd2F0Y2g/dj1MQnI3a0VDc2pjUQAHeW91dHViZQAAAAAAAAAA","noReplace":false,"startTime":0,"guildId":"184785650598412288","op":"play"}
2021-10-04 20:42:49.730 ERROR 4224 --- [lava-daemon-pool-playback-1-thread-1] c.s.d.l.t.p.LocalAudioTrackExecutor      : Error in playback of LBr7kECsjcQ

com.sedmelluq.discord.lavaplayer.tools.FriendlyException: Something broke when playing the track.
	at com.sedmelluq.discord.lavaplayer.tools.ExceptionTools.wrapUnfriendlyExceptions(ExceptionTools.java:44) ~[lavaplayer-1.3.76.jar!/:na]
	at com.sedmelluq.discord.lavaplayer.track.playback.LocalAudioTrackExecutor.execute(LocalAudioTrackExecutor.java:116) ~[lavaplayer-1.3.76.jar!/:na]
	at com.sedmelluq.discord.lavaplayer.player.DefaultAudioPlayerManager.lambda$executeTrack$1(DefaultAudioPlayerManager.java:348) ~[lavaplayer-1.3.76.jar!/:na]
	at java.base/java.util.concurrent.ThreadPoolExecutor.runWorker(ThreadPoolExecutor.java:1136) ~[na:na]
	at java.base/java.util.concurrent.ThreadPoolExecutor$Worker.run(ThreadPoolExecutor.java:635) ~[na:na]
	at java.base/java.lang.Thread.run(Thread.java:833) ~[na:na]
	Suppressed: com.sedmelluq.discord.lavaplayer.tools.exception.EnvironmentInformation: 
  lavaplayer.version: 1.3.76
  os.arch: amd64
  os.name: Windows 10
  os.version: 10.0
  java.vendor: Oracle Corporation
  java.version: 17
  java.runtime.version: 17+35-LTS-2724
  java.vm.version: 17+35-LTS-2724
Caused by: java.lang.RuntimeException: Not success status code: 403
	at com.sedmelluq.discord.lavaplayer.tools.io.PersistentHttpStream.validateStatusCode(PersistentHttpStream.java:87) ~[lavaplayer-1.3.76.jar!/:na]
	at com.sedmelluq.discord.lavaplayer.tools.io.PersistentHttpStream.attemptConnect(PersistentHttpStream.java:116) ~[lavaplayer-1.3.76.jar!/:na]
	at com.sedmelluq.discord.lavaplayer.tools.io.PersistentHttpStream.connect(PersistentHttpStream.java:105) ~[lavaplayer-1.3.76.jar!/:na]
	at com.sedmelluq.discord.lavaplayer.tools.io.PersistentHttpStream.internalRead(PersistentHttpStream.java:150) ~[lavaplayer-1.3.76.jar!/:na]
	at com.sedmelluq.discord.lavaplayer.tools.io.PersistentHttpStream.read(PersistentHttpStream.java:166) ~[lavaplayer-1.3.76.jar!/:na]
	at java.base/java.io.DataInputStream.readByte(DataInputStream.java:271) ~[na:na]
	at com.sedmelluq.discord.lavaplayer.container.matroska.format.MatroskaEbmlReader.readEbmlInteger(MatroskaEbmlReader.java:39) ~[lavaplayer-1.3.76.jar!/:na]
	at com.sedmelluq.discord.lavaplayer.container.matroska.format.MatroskaFileReader.readNextElement(MatroskaFileReader.java:45) ~[lavaplayer-1.3.76.jar!/:na]
	at com.sedmelluq.discord.lavaplayer.container.matroska.MatroskaStreamingFile.readFile(MatroskaStreamingFile.java:78) ~[lavaplayer-1.3.76.jar!/:na]
	at com.sedmelluq.discord.lavaplayer.container.matroska.MatroskaAudioTrack.loadMatroskaFile(MatroskaAudioTrack.java:51) ~[lavaplayer-1.3.76.jar!/:na]
	at com.sedmelluq.discord.lavaplayer.container.matroska.MatroskaAudioTrack.process(MatroskaAudioTrack.java:34) ~[lavaplayer-1.3.76.jar!/:na]
	at com.sedmelluq.discord.lavaplayer.track.DelegatedAudioTrack.processDelegate(DelegatedAudioTrack.java:25) ~[lavaplayer-1.3.76.jar!/:na]
	at com.sedmelluq.discord.lavaplayer.source.youtube.YoutubeAudioTrack.processStatic(YoutubeAudioTrack.java:57) ~[lavaplayer-1.3.76.jar!/:na]
	at com.sedmelluq.discord.lavaplayer.source.youtube.YoutubeAudioTrack.process(YoutubeAudioTrack.java:49) ~[lavaplayer-1.3.76.jar!/:na]
	at com.sedmelluq.discord.lavaplayer.track.playback.LocalAudioTrackExecutor.execute(LocalAudioTrackExecutor.java:104) ~[lavaplayer-1.3.76.jar!/:na]
	... 4 common frames omitted

2021-10-04 20:43:06.088  INFO 18316 --- [main] lavalink.server.Launcher                 : 

[32m       .  [31m _                  _ _       _    [32m__ _ _
[32m      /\\ [31m| | __ ___   ____ _| (_)_ __ | | __[32m\ \ \ \
[32m     ( ( )[31m| |/ _` \ \ / / _` | | | '_ \| |/ /[32m \ \ \ \
[32m      \\/ [31m| | (_| |\ V / (_| | | | | | |   < [32m  ) ) ) )
[32m       '  [31m|_|\__,_| \_/ \__,_|_|_|_| |_|_|\_\[32m / / / /
[0m    =========================================[32m/_/_/_/[0m

	Version:        3.3.2.5
	Build:          1222
	Build time:     11.04.2021 08:07:27 UTC
	Branch          master
	Commit:         7b914f2
	Commit time:    09.04.2021 17:14:27 UTC
	JVM:            17
	Lavaplayer      1.3.76

2021-10-04 20:43:06.218  INFO 18316 --- [main] lavalink.server.Launcher                 : Starting Launcher on DESKTOP-6EGCRLJ with PID 18316 (C:\Users\Felipe\OneDrive\Área de Trabalho\BotDiscord\BotDiscord\BotDiscord\Lavalink\Lavalink.jar started by Felipe in C:\Users\Felipe\OneDrive\Área de Trabalho\BotDiscord\BotDiscord\BotDiscord\Lavalink)
2021-10-04 20:43:06.219  INFO 18316 --- [main] lavalink.server.Launcher                 : No active profile set, falling back to default profiles: default
2021-10-04 20:43:06.377  WARN 18316 --- [background-preinit] o.s.h.c.j.Jackson2ObjectMapperBuilder    : For Jackson Kotlin classes support please add "com.fasterxml.jackson.module:jackson-module-kotlin" to the classpath
2021-10-04 20:43:07.708  WARN 18316 --- [main] io.undertow.websockets.jsr               : UT026010: Buffer pool was not set on WebSocketDeploymentInfo, the default pool will be used
2021-10-04 20:43:07.733  INFO 18316 --- [main] io.undertow.servlet                      : Initializing Spring embedded WebApplicationContext
2021-10-04 20:43:07.733  INFO 18316 --- [main] o.s.web.context.ContextLoader            : Root WebApplicationContext: initialization completed in 1448 ms
2021-10-04 20:43:08.197  WARN 18316 --- [main] l.server.config.SentryConfiguration      : Turning off sentry
2021-10-04 20:43:08.474  INFO 18316 --- [main] c.s.d.l.tools.GarbageCollectionMonitor   : GC monitoring enabled, reporting results every 2 minutes.
2021-10-04 20:43:08.715  INFO 18316 --- [main] lavalink.server.config.KoeConfiguration  : OS: Windows 10, Arch: amd64
2021-10-04 20:43:08.715  WARN 18316 --- [main] lavalink.server.config.KoeConfiguration  : This system and architecture appears to not support native audio sending! GC pauses may cause your bot to stutter during playback.
2021-10-04 20:43:09.031  INFO 18316 --- [main] o.s.s.concurrent.ThreadPoolTaskExecutor  : Initializing ExecutorService 'applicationTaskExecutor'
2021-10-04 20:43:09.404  INFO 18316 --- [main] org.xnio                                 : XNIO version 3.3.8.Final
2021-10-04 20:43:09.417  INFO 18316 --- [main] org.xnio.nio                             : XNIO NIO Implementation Version 3.3.8.Final
2021-10-04 20:43:09.494  INFO 18316 --- [main] ConditionEvaluationReportLoggingListener : 

Error starting ApplicationContext. To display the conditions report re-run your application with 'debug' enabled.
2021-10-04 20:43:09.497 ERROR 18316 --- [main] lavalink.server.Launcher                 : Application failed

org.springframework.boot.web.server.PortInUseException: Port 2333 is already in use
	at org.springframework.boot.web.embedded.undertow.UndertowServletWebServer.start(UndertowServletWebServer.java:154) ~[spring-boot-2.1.8.RELEASE.jar!/:2.1.8.RELEASE]
	at org.springframework.boot.web.servlet.context.ServletWebServerApplicationContext.startWebServer(ServletWebServerApplicationContext.java:297) ~[spring-boot-2.1.8.RELEASE.jar!/:2.1.8.RELEASE]
	at org.springframework.boot.web.servlet.context.ServletWebServerApplicationContext.finishRefresh(ServletWebServerApplicationContext.java:163) ~[spring-boot-2.1.8.RELEASE.jar!/:2.1.8.RELEASE]
	at org.springframework.context.support.AbstractApplicationContext.refresh(AbstractApplicationContext.java:552) ~[spring-context-5.1.9.RELEASE.jar!/:5.1.9.RELEASE]
	at org.springframework.boot.web.servlet.context.ServletWebServerApplicationContext.refresh(ServletWebServerApplicationContext.java:141) ~[spring-boot-2.1.8.RELEASE.jar!/:2.1.8.RELEASE]
	at org.springframework.boot.SpringApplication.refresh(SpringApplication.java:744) ~[spring-boot-2.1.8.RELEASE.jar!/:2.1.8.RELEASE]
	at org.springframework.boot.SpringApplication.refreshContext(SpringApplication.java:391) ~[spring-boot-2.1.8.RELEASE.jar!/:2.1.8.RELEASE]
	at org.springframework.boot.SpringApplication.run(SpringApplication.java:312) ~[spring-boot-2.1.8.RELEASE.jar!/:2.1.8.RELEASE]
	at lavalink.server.Launcher.main(Launcher.kt:127) ~[classes!/:na]
	at java.base/jdk.internal.reflect.NativeMethodAccessorImpl.invoke0(Native Method) ~[na:na]
	at java.base/jdk.internal.reflect.NativeMethodAccessorImpl.invoke(NativeMethodAccessorImpl.java:77) ~[na:na]
	at java.base/jdk.internal.reflect.DelegatingMethodAccessorImpl.invoke(DelegatingMethodAccessorImpl.java:43) ~[na:na]
	at java.base/java.lang.reflect.Method.invoke(Method.java:568) ~[na:na]
	at org.springframework.boot.loader.MainMethodRunner.run(MainMethodRunner.java:48) ~[Lavalink.jar:na]
	at org.springframework.boot.loader.Launcher.launch(Launcher.java:87) ~[Lavalink.jar:na]
	at org.springframework.boot.loader.Launcher.launch(Launcher.java:51) ~[Lavalink.jar:na]
	at org.springframework.boot.loader.JarLauncher.main(JarLauncher.java:52) ~[Lavalink.jar:na]

2021-10-04 20:43:09.499 ERROR 18316 --- [main] o.s.b.d.LoggingFailureAnalysisReporter   : 

***************************
APPLICATION FAILED TO START
***************************

Description:

Web server failed to start. Port 2333 was already in use.

Action:

Identify and stop the process that's listening on port 2333 or configure this application to listen on another port.

2021-10-04 20:43:09.503  INFO 18316 --- [main] o.s.s.concurrent.ThreadPoolTaskExecutor  : Shutting down ExecutorService 'applicationTaskExecutor'
2021-10-04 20:43:09.504  INFO 18316 --- [main] c.s.d.l.tools.GarbageCollectionMonitor   : GC monitoring disabled.
2021-10-04 20:43:21.164  INFO 4224 --- [XNIO-1 task-4] l.server.player.AudioLoaderRestHandler   : Got request to load for identifier "ytsearch:https://www.youtube.com/watch?v=LBr7kECsjcQ"
2021-10-04 20:43:21.980  INFO 4224 --- [lava-daemon-pool-info-loader-2-thread-1] lavalink.server.player.AudioLoader       : Loaded playlist Search results for: https://www.youtube.com/watch?v=LBr7kECsjcQ
2021-10-04 20:43:22.000  INFO 4224 --- [XNIO-1 I/O-3] lavalink.server.io.SocketServer          : {"endTime":272000,"track":"QAAAlQIAL0ZhbGwgT3V0IEJveSAtIENlbnR1cmllcyAoT2ZmaWNpYWwgTXVzaWMgVmlkZW8pAAxGYWxsIE91dCBCb3kAAAAAAAQmgAALTEJyN2tFQ3NqY1EAAQAraHR0cHM6Ly93d3cueW91dHViZS5jb20vd2F0Y2g/dj1MQnI3a0VDc2pjUQAHeW91dHViZQAAAAAAAAAA","noReplace":false,"startTime":0,"guildId":"184785650598412288","op":"play"}
2021-10-04 20:43:54.745  INFO 4224 --- [XNIO-1 task-6] l.server.player.AudioLoaderRestHandler   : Got request to load for identifier "ytsearch:ai calica dreysson rodrigues mega"
2021-10-04 20:43:55.872  INFO 4224 --- [lava-daemon-pool-info-loader-2-thread-1] lavalink.server.player.AudioLoader       : Loaded playlist Search results for: ai calica dreysson rodrigues mega
2021-10-04 20:44:25.461  INFO 4224 --- [XNIO-1 task-8] l.server.player.AudioLoaderRestHandler   : Got request to load for identifier "ytsearch:ai calica dj albino"
2021-10-04 20:44:26.482  INFO 4224 --- [lava-daemon-pool-info-loader-2-thread-1] lavalink.server.player.AudioLoader       : Loaded playlist Search results for: ai calica dj albino
2021-10-04 20:45:43.277  INFO 4224 --- [XNIO-1 I/O-3] lavalink.server.io.SocketServer          : {"endTime":272000,"track":"QAAAlQIAL0ZhbGwgT3V0IEJveSAtIENlbnR1cmllcyAoT2ZmaWNpYWwgTXVzaWMgVmlkZW8pAAxGYWxsIE91dCBCb3kAAAAAAAQmgAALTEJyN2tFQ3NqY1EAAQAraHR0cHM6Ly93d3cueW91dHViZS5jb20vd2F0Y2g/dj1MQnI3a0VDc2pjUQAHeW91dHViZQAAAAAAAAAA","noReplace":false,"startTime":0,"guildId":"184785650598412288","op":"play"}
2021-10-04 20:45:45.474  INFO 4224 --- [XNIO-1 I/O-3] lavalink.server.io.SocketServer          : {"endTime":272000,"track":"QAAAlQIAL0ZhbGwgT3V0IEJveSAtIENlbnR1cmllcyAoT2ZmaWNpYWwgTXVzaWMgVmlkZW8pAAxGYWxsIE91dCBCb3kAAAAAAAQmgAALTEJyN2tFQ3NqY1EAAQAraHR0cHM6Ly93d3cueW91dHViZS5jb20vd2F0Y2g/dj1MQnI3a0VDc2pjUQAHeW91dHViZQAAAAAAAAAA","noReplace":false,"startTime":0,"guildId":"184785650598412288","op":"play"}
2021-10-04 20:45:50.551  INFO 4224 --- [XNIO-1 I/O-3] lavalink.server.io.SocketServer          : {"endTime":226000,"track":"QAAAmgIALk1FR0EgRlVOSyBDQUxJQ0EgIERSRVlTU09OIFJPRFJJR1VFUyBFIEzDiU8gQlEAEkRyZXlzc29uIFJvZHJpZ3VlcwAAAAAAA3LQAAt4endfbHI2aGh6SQABACtodHRwczovL3d3dy55b3V0dWJlLmNvbS93YXRjaD92PXh6d19scjZoaHpJAAd5b3V0dWJlAAAAAAAAAAA=","noReplace":false,"startTime":0,"guildId":"184785650598412288","op":"play"}
2021-10-04 20:50:11.532  INFO 4224 --- [XNIO-1 I/O-3] lavalink.server.io.SocketServer          : Connection closed from /127.0.0.1:62483 -- CloseStatus[code=1006, reason=]
2021-10-04 20:50:11.532  INFO 4224 --- [XNIO-1 I/O-3] lavalink.server.io.SocketContext         : Shutting down 0 playing players.
